Reading netlist file: "/home/armenio/gitClone/UFPR/VERILOG_PROT/trab2/ping_pong/impl/gwsynthesis/ping_pong.vg"
Parsing netlist file "/home/armenio/gitClone/UFPR/VERILOG_PROT/trab2/ping_pong/impl/gwsynthesis/ping_pong.vg" completed
Processing netlist completed
Reading constraint file: "/home/armenio/gitClone/UFPR/VERILOG_PROT/trab2/ping_pong/constraints.cst"
Physical Constraint parsed completed
Running placement......
[10%] Placement Phase 0 completed
[20%] Placement Phase 1 completed
[30%] Placement Phase 2 completed
WARN  (TA1132) :  'u_div_5/clkdiv_inst/CLKOUT.default_gen_clk' was determined to be a clock but was not created.
[50%] Placement Phase 3 completed
Running routing......
[60%] Routing Phase 0 completed
[70%] Routing Phase 1 completed
[80%] Routing Phase 2 completed
[90%] Routing Phase 3 completed
Running timing analysis......
[95%] Timing analysis completed
Placement and routing completed
Bitstream generation in progress......
Bitstream generation completed
Running power analysis......
[100%] Power analysis completed
Generate file "/home/armenio/gitClone/UFPR/VERILOG_PROT/trab2/ping_pong/impl/pnr/ping_pong.power.html" completed
Generate file "/home/armenio/gitClone/UFPR/VERILOG_PROT/trab2/ping_pong/impl/pnr/ping_pong.pin.html" completed
Generate file "/home/armenio/gitClone/UFPR/VERILOG_PROT/trab2/ping_pong/impl/pnr/ping_pong.rpt.html" completed
Generate file "/home/armenio/gitClone/UFPR/VERILOG_PROT/trab2/ping_pong/impl/pnr/ping_pong.rpt.txt" completed
Generate file "/home/armenio/gitClone/UFPR/VERILOG_PROT/trab2/ping_pong/impl/pnr/ping_pong.tr.html" completed
Mon Jun  8 14:27:08 2026

